------------------------------ Scenario Screen -------- [1-9]: Change Screen --
  Timestamp: Tue Sep 24 09:22:58 2013

  Call-rate(length)   Port   Total-time  Total-calls  Remote-host
   5.0(0 ms)/1.000s   5888     121.13 s           10  118.69.190.30:5060(UDP)

  Call limit reached (-m 10), 0.000 s period  0 ms scheduler resolution
  0 calls (limit 5)                      Peak was 5 calls, after 1 s
  0 Running, 7 Paused, 0 Woken up
  0 dead call msg (discarded)            0 out-of-call msg (discarded)        
  1 open sockets                        

                                 Messages  Retrans   Timeout   Unexpected-Msg
      INVITE ---------->         10        0         0                  
         100 <----------         10        0         0         0        
         407 <----------         10        0         0         0        
         ACK ---------->         10        0                            
      INVITE ---------->         10        0         0                  
         100 <----------         10        0         0         0        
         180 <----------         0         0         0         0        
         183 <----------         0         0         0         0        
         200 <----------         10        0         0         0        
         ACK ---------->         10        0                            
       Pause [     1:00]         10                            0        
         BYE ---------->         10        0         0                  
         200 <----------         10        0         0         0        

------- Waiting for active calls to end. Press [q] again to force exit. -------

----------------------------- Statistics Screen ------- [1-9]: Change Screen --
  Start Time             | 2013-09-24	09:20:57:349	1379989257.349207            
  Last Reset Time        | 2013-09-24	09:22:58:491	1379989378.491376            
  Current Time           | 2013-09-24	09:22:58:491	1379989378.491522            
-------------------------+---------------------------+--------------------------
  Counter Name           | Periodic value            | Cumulative value
-------------------------+---------------------------+--------------------------
  Elapsed Time           | 00:00:00:000              | 00:02:01:142             
  Call Rate              |    0.000 cps              |    0.083 cps             
-------------------------+---------------------------+--------------------------
  Incoming call created  |        0                  |        0                 
  OutGoing call created  |        0                  |       10                 
  Total Call created     |                           |       10                 
  Current Call           |        0                  |                          
-------------------------+---------------------------+--------------------------
  Successful call        |        0                  |       10                 
  Failed call            |        0                  |        0                 
-------------------------+---------------------------+--------------------------
  Call Length            | 00:00:00:000              | 00:01:00:068             
------- Waiting for active calls to end. Press [q] again to force exit. -------

---------------------------- Repartition Screen ------- [1-9]: Change Screen --
    <No repartion defined>                                                      
  Average Call Length Repartition                                               
           0 ms <= n <        10 ms :          0                                
          10 ms <= n <        50 ms :          0                                
          50 ms <= n <       100 ms :          0                                
         100 ms <= n <       500 ms :          0                                
         500 ms <= n <      1000 ms :          0                                
        1000 ms <= n <      5000 ms :          0                                
        5000 ms <= n <     10000 ms :          0                                
                   n >=    10000 ms :         10                                
------- Waiting for active calls to end. Press [q] again to force exit. -------

