------------------------------ Scenario Screen -------- [1-9]: Change Screen --
  Timestamp: Tue Sep 24 11:11:40 2013

  Call-rate(length)   Port   Total-time  Total-calls  Remote-host
   5.0(0 ms)/1.000s   5888     422.41 s          100  118.69.190.30:5060(UDP)

  Call limit reached (-m 100), 0.000 s period  0 ms scheduler resolution
  0 calls (limit 15)                     Peak was 15 calls, after 3 s
  0 Running, 12 Paused, 0 Woken up
  0 dead call msg (discarded)            0 out-of-call msg (discarded)        
  1 open sockets                        

                                 Messages  Retrans   Timeout   Unexpected-Msg
      INVITE ---------->         100       0         0                  
         100 <----------         100       0         0         0        
         407 <----------         100       0         0         0        
         ACK ---------->         100       0                            
      INVITE ---------->         100       0         0                  
         100 <----------         100       0         0         0        
         180 <----------         0         0         0         0        
         183 <----------         0         0         0         0        
         200 <----------         100       0         0         0        
         ACK ---------->         100       0                            
       Pause [     1:00]         100                           0        
         BYE ---------->         100       0         0                  
         200 <----------         100       0         0         0        

------- Waiting for active calls to end. Press [q] again to force exit. -------

----------------------------- Statistics Screen ------- [1-9]: Change Screen --
  Start Time             | 2013-09-24	11:04:38:000	1379995478.000582            
  Last Reset Time        | 2013-09-24	11:11:40:431	1379995900.431540            
  Current Time           | 2013-09-24	11:11:40:431	1379995900.431706            
-------------------------+---------------------------+--------------------------
  Counter Name           | Periodic value            | Cumulative value
-------------------------+---------------------------+--------------------------
  Elapsed Time           | 00:00:00:000              | 00:07:02:431             
  Call Rate              |    0.000 cps              |    0.237 cps             
-------------------------+---------------------------+--------------------------
  Incoming call created  |        0                  |        0                 
  OutGoing call created  |        0                  |      100                 
  Total Call created     |                           |      100                 
  Current Call           |        0                  |                          
-------------------------+---------------------------+--------------------------
  Successful call        |        0                  |      100                 
  Failed call            |        0                  |        0                 
-------------------------+---------------------------+--------------------------
  Call Length            | 00:00:00:000              | 00:01:00:061             
------- Waiting for active calls to end. Press [q] again to force exit. -------

---------------------------- Repartition Screen ------- [1-9]: Change Screen --
    <No repartion defined>                                                      
  Average Call Length Repartition                                               
           0 ms <= n <        10 ms :          0                                
          10 ms <= n <        50 ms :          0                                
          50 ms <= n <       100 ms :          0                                
         100 ms <= n <       500 ms :          0                                
         500 ms <= n <      1000 ms :          0                                
        1000 ms <= n <      5000 ms :          0                                
        5000 ms <= n <     10000 ms :          0                                
                   n >=    10000 ms :        100                                
------- Waiting for active calls to end. Press [q] again to force exit. -------

